<?xml version="1.0" encoding="UTF-8"?>
<testsuite name="com.lim.book.springboot.web.IndexControllerTest" tests="1" skipped="0" failures="0" errors="0" timestamp="2020-03-30T06:00:08" hostname="saemyungui-MacBookPro.local" time="0.105">
  <properties/>
  <testcase name="메인페이지_로딩" classname="com.lim.book.springboot.web.IndexControllerTest" time="0.105"/>
  <system-out><![CDATA[2020-03-30 15:00:08.401  INFO 10327 --- [    Test worker] .b.t.c.SpringBootTestContextBootstrapper : Neither @ContextConfiguration nor @ContextHierarchy found for test class [com.lim.book.springboot.web.IndexControllerTest], using SpringBootContextLoader
2020-03-30 15:00:08.401  INFO 10327 --- [    Test worker] o.s.t.c.support.AbstractContextLoader    : Could not detect default resource locations for test class [com.lim.book.springboot.web.IndexControllerTest]: no resource found for suffixes {-context.xml, Context.groovy}.
2020-03-30 15:00:08.401  INFO 10327 --- [    Test worker] t.c.s.AnnotationConfigContextLoaderUtils : Could not detect default configuration classes for test class [com.lim.book.springboot.web.IndexControllerTest]: IndexControllerTest does not declare any static, non-private, non-final, nested classes annotated with @Configuration.
2020-03-30 15:00:08.403  INFO 10327 --- [    Test worker] .b.t.c.SpringBootTestContextBootstrapper : Found @SpringBootConfiguration com.lim.book.springboot.Application for test class com.lim.book.springboot.web.IndexControllerTest
2020-03-30 15:00:08.404  INFO 10327 --- [    Test worker] .b.t.c.SpringBootTestContextBootstrapper : Loaded default TestExecutionListener class names from location [META-INF/spring.factories]: [org.springframework.boot.test.autoconfigure.restdocs.RestDocsTestExecutionListener, org.springframework.boot.test.autoconfigure.web.client.MockRestServiceServerResetTestExecutionListener, org.springframework.boot.test.autoconfigure.web.servlet.MockMvcPrintOnlyOnFailureTestExecutionListener, org.springframework.boot.test.autoconfigure.web.servlet.WebDriverTestExecutionListener, org.springframework.boot.test.mock.mockito.MockitoTestExecutionListener, org.springframework.boot.test.mock.mockito.ResetMocksTestExecutionListener, org.springframework.test.context.web.ServletTestExecutionListener, org.springframework.test.context.support.DirtiesContextBeforeModesTestExecutionListener, org.springframework.test.context.support.DependencyInjectionTestExecutionListener, org.springframework.test.context.support.DirtiesContextTestExecutionListener, org.springframework.test.context.transaction.TransactionalTestExecutionListener, org.springframework.test.context.jdbc.SqlScriptsTestExecutionListener]
2020-03-30 15:00:08.405  INFO 10327 --- [    Test worker] .b.t.c.SpringBootTestContextBootstrapper : Using TestExecutionListeners: [org.springframework.test.context.web.ServletTestExecutionListener@4da2641b, org.springframework.test.context.support.DirtiesContextBeforeModesTestExecutionListener@b73f9d2, org.springframework.boot.test.mock.mockito.MockitoTestExecutionListener@5c9c25e6, org.springframework.boot.test.autoconfigure.SpringBootDependencyInjectionTestExecutionListener@4b9d5c02, org.springframework.test.context.support.DirtiesContextTestExecutionListener@15417bd6, org.springframework.test.context.transaction.TransactionalTestExecutionListener@1e8bdc5, org.springframework.test.context.jdbc.SqlScriptsTestExecutionListener@3ce60b0b, org.springframework.boot.test.autoconfigure.restdocs.RestDocsTestExecutionListener@1dba3dd9, org.springframework.boot.test.autoconfigure.web.client.MockRestServiceServerResetTestExecutionListener@3bb6a73, org.springframework.boot.test.autoconfigure.web.servlet.MockMvcPrintOnlyOnFailureTestExecutionListener@4779e954, org.springframework.boot.test.autoconfigure.web.servlet.WebDriverTestExecutionListener@4bcb0ce3, org.springframework.boot.test.mock.mockito.ResetMocksTestExecutionListener@753a4b6]
Hibernate: select posts0_.id as id1_0_, posts0_.created_date as created_2_0_, posts0_.modified_date as modified3_0_, posts0_.author as author4_0_, posts0_.content as content5_0_, posts0_.title as title6_0_ from posts posts0_ order by posts0_.id DESC
]]></system-out>
  <system-err><![CDATA[]]></system-err>
</testsuite>
