<?xml version="1.0" encoding="UTF-8"?>
<testsuite name="com.lim.book.springboot.web.IndexControllerTest" tests="1" skipped="0" failures="0" errors="0" timestamp="2020-03-30T06:20:09" hostname="saemyungui-MacBookPro.local" time="0.17">
  <properties/>
  <testcase name="메인페이지_로딩" classname="com.lim.book.springboot.web.IndexControllerTest" time="0.17"/>
  <system-out><![CDATA[2020-03-30 15:20:09.498  INFO 10505 --- [    Test worker] .b.t.c.SpringBootTestContextBootstrapper : Neither @ContextConfiguration nor @ContextHierarchy found for test class [com.lim.book.springboot.web.IndexControllerTest], using SpringBootContextLoader
2020-03-30 15:20:09.498  INFO 10505 --- [    Test worker] o.s.t.c.support.AbstractContextLoader    : Could not detect default resource locations for test class [com.lim.book.springboot.web.IndexControllerTest]: no resource found for suffixes {-context.xml, Context.groovy}.
2020-03-30 15:20:09.499  INFO 10505 --- [    Test worker] t.c.s.AnnotationConfigContextLoaderUtils : Could not detect default configuration classes for test class [com.lim.book.springboot.web.IndexControllerTest]: IndexControllerTest does not declare any static, non-private, non-final, nested classes annotated with @Configuration.
2020-03-30 15:20:09.501  INFO 10505 --- [    Test worker] .b.t.c.SpringBootTestContextBootstrapper : Found @SpringBootConfiguration com.lim.book.springboot.Application for test class com.lim.book.springboot.web.IndexControllerTest
2020-03-30 15:20:09.502  INFO 10505 --- [    Test worker] .b.t.c.SpringBootTestContextBootstrapper : Loaded default TestExecutionListener class names from location [META-INF/spring.factories]: [org.springframework.security.test.context.support.WithSecurityContextTestExecutionListener, org.springframework.security.test.context.support.ReactorContextTestExecutionListener, org.springframework.boot.test.autoconfigure.restdocs.RestDocsTestExecutionListener, org.springframework.boot.test.autoconfigure.web.client.MockRestServiceServerResetTestExecutionListener, org.springframework.boot.test.autoconfigure.web.servlet.MockMvcPrintOnlyOnFailureTestExecutionListener, org.springframework.boot.test.autoconfigure.web.servlet.WebDriverTestExecutionListener, org.springframework.boot.test.mock.mockito.MockitoTestExecutionListener, org.springframework.boot.test.mock.mockito.ResetMocksTestExecutionListener, org.springframework.test.context.web.ServletTestExecutionListener, org.springframework.test.context.support.DirtiesContextBeforeModesTestExecutionListener, org.springframework.test.context.support.DependencyInjectionTestExecutionListener, org.springframework.test.context.support.DirtiesContextTestExecutionListener, org.springframework.test.context.transaction.TransactionalTestExecutionListener, org.springframework.test.context.jdbc.SqlScriptsTestExecutionListener]
2020-03-30 15:20:09.503  INFO 10505 --- [    Test worker] .b.t.c.SpringBootTestContextBootstrapper : Using TestExecutionListeners: [org.springframework.test.context.web.ServletTestExecutionListener@58a36c95, org.springframework.test.context.support.DirtiesContextBeforeModesTestExecutionListener@367e6bb1, org.springframework.boot.test.mock.mockito.MockitoTestExecutionListener@5f964d75, org.springframework.boot.test.autoconfigure.SpringBootDependencyInjectionTestExecutionListener@3324a511, org.springframework.test.context.support.DirtiesContextTestExecutionListener@7020b024, org.springframework.test.context.transaction.TransactionalTestExecutionListener@35467e72, org.springframework.test.context.jdbc.SqlScriptsTestExecutionListener@58d6604a, org.springframework.security.test.context.support.WithSecurityContextTestExecutionListener@4e4c4a6c, org.springframework.security.test.context.support.ReactorContextTestExecutionListener@3b986211, org.springframework.boot.test.autoconfigure.restdocs.RestDocsTestExecutionListener@3d2b2efe, org.springframework.boot.test.autoconfigure.web.client.MockRestServiceServerResetTestExecutionListener@5614dd21, org.springframework.boot.test.autoconfigure.web.servlet.MockMvcPrintOnlyOnFailureTestExecutionListener@7aa7e2a5, org.springframework.boot.test.autoconfigure.web.servlet.WebDriverTestExecutionListener@2579f0a, org.springframework.boot.test.mock.mockito.ResetMocksTestExecutionListener@66ef0d60]
2020-03-30 15:20:09.598  INFO 10505 --- [o-auto-1-exec-1] o.a.c.c.C.[Tomcat].[localhost].[/]       : Initializing Spring DispatcherServlet 'dispatcherServlet'
2020-03-30 15:20:09.599  INFO 10505 --- [o-auto-1-exec-1] o.s.web.servlet.DispatcherServlet        : Initializing Servlet 'dispatcherServlet'
2020-03-30 15:20:09.603  INFO 10505 --- [o-auto-1-exec-1] o.s.web.servlet.DispatcherServlet        : Completed initialization in 4 ms
Hibernate: select posts0_.id as id1_0_, posts0_.created_date as created_2_0_, posts0_.modified_date as modified3_0_, posts0_.author as author4_0_, posts0_.content as content5_0_, posts0_.title as title6_0_ from posts posts0_ order by posts0_.id DESC
]]></system-out>
  <system-err><![CDATA[]]></system-err>
</testsuite>
